<?xml version="1.0" encoding="UTF-8"?>
<testsuite xmlns:xsi="http://www.w3.org/2001/XMLSchema-instance" xsi:noNamespaceSchemaLocation="https://maven.apache.org/surefire/maven-surefire-plugin/xsd/surefire-test-report.xsd" version="3.0.2" name="com.nexora.ai.NexoraApplicationTests" time="6.232" tests="1" errors="0" skipped="0" failures="0">
  <properties>
[...]
</properties>
  <testcase name="contextLoads" classname="com.nexora.ai.NexoraApplicationTests" time="0.013">
    <system-out><![CDATA[2026-06-10T22:20:16.047+05:30  INFO 9228 --- [nexora-ai-backend] [           main] t.c.s.AnnotationConfigContextLoaderUtils : Could not detect default configuration classes for test class [com.nexora.ai.NexoraApplicationTests]: NexoraApplicationTests does not declare any static, non-private, non-final, nested classes annotated with @Configuration.
2026-06-10T22:20:16.091+05:30  INFO 9228 --- [nexora-ai-backend] [           main] .b.t.c.SpringBootTestContextBootstrapper : Found @SpringBootConfiguration com.nexora.ai.NexoraApplication for test class com.nexora.ai.NexoraApplicationTests

  .   ____          _            __ _ _
 /\\ / ___'_ __ _ _(_)_ __  __ _ \ \ \ \
( ( )\___ | '_ | '_| | '_ \/ _` | \ \ \ \
 \\/  ___)| |_)| | | | | || (_| |  ) ) ) )
  '  |____| .__|_| |_|_| |_\__, | / / / /
 =========|_|==============|___/=/_/_/_/

 :: Spring Boot ::                (v3.4.3)

2026-06-10T22:20:16.295+05:30  INFO 9228 --- [nexora-ai-backend] [           main] com.nexora.ai.NexoraApplicationTests     : Starting NexoraApplicationTests using Java 24.0.2 with PID 9228 (started by HP in F:\Projects\NexoraAi\backend)
2026-06-10T22:20:16.297+05:30  INFO 9228 --- [nexora-ai-backend] [           main] com.nexora.ai.NexoraApplicationTests     : The following 1 profile is active: "local"
2026-06-10T22:20:18.584+05:30  INFO 9228 --- [nexora-ai-backend] [           main] .s.d.r.c.RepositoryConfigurationDelegate : Multiple Spring Data modules found, entering strict repository configuration mode
2026-06-10T22:20:18.585+05:30  INFO 9228 --- [nexora-ai-backend] [           main] .s.d.r.c.RepositoryConfigurationDelegate : Bootstrapping Spring Data JPA repositories in DEFAULT mode.
2026-06-10T22:20:18.753+05:30  INFO 9228 --- [nexora-ai-backend] [           main] .s.d.r.c.RepositoryConfigurationDelegate : Finished Spring Data repository scanning in 162 ms. Found 7 JPA repository interfaces.
2026-06-10T22:20:19.278+05:30  INFO 9228 --- [nexora-ai-backend] [           main] com.zaxxer.hikari.HikariDataSource       : HikariPool-2 - Starting...
2026-06-10T22:20:19.281+05:30  INFO 9228 --- [nexora-ai-backend] [           main] com.zaxxer.hikari.pool.HikariPool        : HikariPool-2 - Added connection conn10: url=jdbc:h2:mem:nexoradb user=SA
2026-06-10T22:20:19.282+05:30  INFO 9228 --- [nexora-ai-backend] [           main] com.zaxxer.hikari.HikariDataSource       : HikariPool-2 - Start completed.
2026-06-10T22:20:19.285+05:30  INFO 9228 --- [nexora-ai-backend] [           main] org.flywaydb.core.FlywayExecutor         : Database: jdbc:h2:mem:nexoradb (H2 2.3)
2026-06-10T22:20:19.289+05:30  WARN 9228 --- [nexora-ai-backend] [           main] o.f.c.internal.database.base.Database    : Flyway upgrade recommended: H2 2.3.232 is newer than this version of Flyway and support has not been tested. The latest supported version of H2 is 2.2.224.
2026-06-10T22:20:19.298+05:30  INFO 9228 --- [nexora-ai-backend] [           main] o.f.core.internal.command.DbValidate     : Successfully validated 1 migration (execution time 00:00.006s)
2026-06-10T22:20:19.303+05:30  INFO 9228 --- [nexora-ai-backend] [           main] o.f.core.internal.command.DbMigrate      : Current version of schema "PUBLIC": 1
2026-06-10T22:20:19.304+05:30  INFO 9228 --- [nexora-ai-backend] [           main] o.f.core.internal.command.DbMigrate      : Schema "PUBLIC" is up to date. No migration necessary.
2026-06-10T22:20:19.480+05:30  INFO 9228 --- [nexora-ai-backend] [           main] o.hibernate.jpa.internal.util.LogHelper  : HHH000204: Processing PersistenceUnitInfo [name: default]
2026-06-10T22:20:19.491+05:30  INFO 9228 --- [nexora-ai-backend] [           main] o.h.c.internal.RegionFactoryInitiator    : HHH000026: Second-level cache disabled
2026-06-10T22:20:19.525+05:30  INFO 9228 --- [nexora-ai-backend] [           main] o.s.o.j.p.SpringPersistenceUnitInfo      : No LoadTimeWeaver setup: ignoring JPA class transformer
2026-06-10T22:20:19.528+05:30  WARN 9228 --- [nexora-ai-backend] [           main] org.hibernate.orm.deprecation            : HHH90000025: H2Dialect does not need to be specified explicitly using 'hibernate.dialect' (remove the property setting and it will be selected by default)
2026-06-10T22:20:19.529+05:30  INFO 9228 --- [nexora-ai-backend] [           main] org.hibernate.orm.connections.pooling    : HHH10001005: Database info:
	Database JDBC URL [Connecting through datasource 'HikariDataSource (HikariPool-2)']
	Database driver: undefined/unknown
	Database version: 2.3.232
	Autocommit mode: undefined/unknown
	Isolation level: undefined/unknown
	Minimum pool size: undefined/unknown
	Maximum pool size: undefined/unknown
2026-06-10T22:20:19.882+05:30  INFO 9228 --- [nexora-ai-backend] [           main] o.h.e.t.j.p.i.JtaPlatformInitiator       : HHH000489: No JTA platform available (set 'hibernate.transaction.jta.platform' to enable JTA platform integration)
2026-06-10T22:20:19.890+05:30  INFO 9228 --- [nexora-ai-backend] [           main] j.LocalContainerEntityManagerFactoryBean : Initialized JPA EntityManagerFactory for persistence unit 'default'
2026-06-10T22:20:20.702+05:30  WARN 9228 --- [nexora-ai-backend] [           main] JpaBaseConfiguration$JpaWebConfiguration : spring.jpa.open-in-view is enabled by default. Therefore, database queries may be performed during view rendering. Explicitly configure spring.jpa.open-in-view to disable this warning
2026-06-10T22:20:20.742+05:30  INFO 9228 --- [nexora-ai-backend] [           main] r$InitializeUserDetailsManagerConfigurer : Global AuthenticationManager configured with UserDetailsService bean with name customUserDetailsService
2026-06-10T22:20:21.354+05:30  INFO 9228 --- [nexora-ai-backend] [           main] o.s.b.a.e.web.EndpointLinksResolver      : Exposing 3 endpoints beneath base path '/actuator'
2026-06-10T22:20:22.188+05:30  INFO 9228 --- [nexora-ai-backend] [           main] o.s.b.a.h2.H2ConsoleAutoConfiguration    : H2 console available at '/h2-console'. Database available at 'jdbc:h2:mem:nexoradb'
2026-06-10T22:20:22.256+05:30  INFO 9228 --- [nexora-ai-backend] [           main] com.nexora.ai.NexoraApplicationTests     : Started NexoraApplicationTests in 6.133 seconds (process running for 41.493)
]]></system-out>
  </testcase>
</testsuite>