<?xml version="1.0" encoding="UTF-8"?>
<testsuite xmlns:xsi="http://www.w3.org/2001/XMLSchema-instance" xsi:noNamespaceSchemaLocation="https://maven.apache.org/surefire/maven-surefire-plugin/xsd/surefire-test-report.xsd" version="3.0.2" name="com.nexora.ai.controller.AuthControllerTest" time="31.895" tests="3" errors="0" skipped="0" failures="0">
  <properties>
[...]
</properties>
  <testcase name="testRegisterUserAndAutoCreateWorkspaces" classname="com.nexora.ai.controller.AuthControllerTest" time="2.885">
    <system-out><![CDATA[22:19:42.500 [main] INFO org.springframework.test.context.support.AnnotationConfigContextLoaderUtils -- Could not detect default configuration classes for test class [com.nexora.ai.controller.AuthControllerTest]: AuthControllerTest does not declare any static, non-private, non-final, nested classes annotated with @Configuration.
22:19:43.168 [main] INFO org.springframework.boot.test.context.SpringBootTestContextBootstrapper -- Found @SpringBootConfiguration com.nexora.ai.NexoraApplication for test class com.nexora.ai.controller.AuthControllerTest

  .   ____          _            __ _ _
 /\\ / ___'_ __ _ _(_)_ __  __ _ \ \ \ \
( ( )\___ | '_ | '_| | '_ \/ _` | \ \ \ \
 \\/  ___)| |_)| | | | | || (_| |  ) ) ) )
  '  |____| .__|_| |_|_| |_\__, | / / / /
 =========|_|==============|___/=/_/_/_/

 :: Spring Boot ::                (v3.4.3)

2026-06-10T22:19:44.386+05:30  INFO 9228 --- [nexora-ai-backend] [           main] c.n.ai.controller.AuthControllerTest     : Starting AuthControllerTest using Java 24.0.2 with PID 9228 (started by HP in F:\Projects\NexoraAi\backend)
2026-06-10T22:19:44.390+05:30  INFO 9228 --- [nexora-ai-backend] [           main] c.n.ai.controller.AuthControllerTest     : The following 1 profile is active: "local"
2026-06-10T22:19:47.504+05:30  INFO 9228 --- [nexora-ai-backend] [           main] .s.d.r.c.RepositoryConfigurationDelegate : Multiple Spring Data modules found, entering strict repository configuration mode
2026-06-10T22:19:47.510+05:30  INFO 9228 --- [nexora-ai-backend] [           main] .s.d.r.c.RepositoryConfigurationDelegate : Bootstrapping Spring Data JPA repositories in DEFAULT mode.
2026-06-10T22:19:47.989+05:30  INFO 9228 --- [nexora-ai-backend] [           main] .s.d.r.c.RepositoryConfigurationDelegate : Finished Spring Data repository scanning in 446 ms. Found 7 JPA repository interfaces.
2026-06-10T22:19:50.359+05:30  INFO 9228 --- [nexora-ai-backend] [           main] com.zaxxer.hikari.HikariDataSource       : HikariPool-1 - Starting...
2026-06-10T22:19:51.156+05:30  INFO 9228 --- [nexora-ai-backend] [           main] com.zaxxer.hikari.pool.HikariPool        : HikariPool-1 - Added connection conn0: url=jdbc:h2:mem:nexoradb user=SA
2026-06-10T22:19:51.161+05:30  INFO 9228 --- [nexora-ai-backend] [           main] com.zaxxer.hikari.HikariDataSource       : HikariPool-1 - Start completed.
2026-06-10T22:19:51.437+05:30  INFO 9228 --- [nexora-ai-backend] [           main] org.flywaydb.core.FlywayExecutor         : Database: jdbc:h2:mem:nexoradb (H2 2.3)
2026-06-10T22:19:51.477+05:30  WARN 9228 --- [nexora-ai-backend] [           main] o.f.c.internal.database.base.Database    : Flyway upgrade recommended: H2 2.3.232 is newer than this version of Flyway and support has not been tested. The latest supported version of H2 is 2.2.224.
2026-06-10T22:19:51.562+05:30  INFO 9228 --- [nexora-ai-backend] [           main] o.f.c.i.s.JdbcTableSchemaHistory         : Schema history table "PUBLIC"."flyway_schema_history" does not exist yet
2026-06-10T22:19:51.570+05:30  INFO 9228 --- [nexora-ai-backend] [           main] o.f.core.internal.command.DbValidate     : Successfully validated 1 migration (execution time 00:00.045s)
2026-06-10T22:19:51.596+05:30  INFO 9228 --- [nexora-ai-backend] [           main] o.f.c.i.s.JdbcTableSchemaHistory         : Creating Schema History table "PUBLIC"."flyway_schema_history" ...
2026-06-10T22:19:51.700+05:30  INFO 9228 --- [nexora-ai-backend] [           main] o.f.core.internal.command.DbMigrate      : Current version of schema "PUBLIC": << Empty Schema >>
2026-06-10T22:19:51.745+05:30  INFO 9228 --- [nexora-ai-backend] [           main] o.f.core.internal.command.DbMigrate      : Migrating schema "PUBLIC" to version "1 - Initial Schema"
2026-06-10T22:19:51.883+05:30  INFO 9228 --- [nexora-ai-backend] [           main] o.f.core.internal.command.DbMigrate      : Successfully applied 1 migration to schema "PUBLIC", now at version v1 (execution time 00:00.099s)
2026-06-10T22:19:52.477+05:30  INFO 9228 --- [nexora-ai-backend] [           main] o.hibernate.jpa.internal.util.LogHelper  : HHH000204: Processing PersistenceUnitInfo [name: default]
2026-06-10T22:19:52.722+05:30  INFO 9228 --- [nexora-ai-backend] [           main] org.hibernate.Version                    : HHH000412: Hibernate ORM core version 6.6.8.Final
2026-06-10T22:19:52.804+05:30  INFO 9228 --- [nexora-ai-backend] [           main] o.h.c.internal.RegionFactoryInitiator    : HHH000026: Second-level cache disabled
2026-06-10T22:19:53.575+05:30  INFO 9228 --- [nexora-ai-backend] [           main] o.s.o.j.p.SpringPersistenceUnitInfo      : No LoadTimeWeaver setup: ignoring JPA class transformer
2026-06-10T22:19:53.675+05:30  WARN 9228 --- [nexora-ai-backend] [           main] org.hibernate.orm.deprecation            : HHH90000025: H2Dialect does not need to be specified explicitly using 'hibernate.dialect' (remove the property setting and it will be selected by default)
2026-06-10T22:19:53.702+05:30  INFO 9228 --- [nexora-ai-backend] [           main] org.hibernate.orm.connections.pooling    : HHH10001005: Database info:
	Database JDBC URL [Connecting through datasource 'HikariDataSource (HikariPool-1)']
	Database driver: undefined/unknown
	Database version: 2.3.232
	Autocommit mode: undefined/unknown
	Isolation level: undefined/unknown
	Minimum pool size: undefined/unknown
	Maximum pool size: undefined/unknown
2026-06-10T22:19:56.242+05:30  INFO 9228 --- [nexora-ai-backend] [           main] o.h.e.t.j.p.i.JtaPlatformInitiator       : HHH000489: No JTA platform available (set 'hibernate.transaction.jta.platform' to enable JTA platform integration)
Hibernate: alter table if exists customers alter column outstanding_balance set data type numeric(38,2)
Hibernate: alter table if exists customers alter column phone set data type varchar(255)
Hibernate: alter table if exists products alter column category set data type varchar(255)
Hibernate: alter table if exists products alter column purchase_price set data type numeric(38,2)
Hibernate: alter table if exists products alter column selling_price set data type numeric(38,2)
Hibernate: alter table if exists products alter column sku set data type varchar(255)
Hibernate: alter table if exists receivables_payables alter column amount set data type numeric(38,2)
Hibernate: alter table if exists receivables_payables alter column status set data type varchar(255)
Hibernate: alter table if exists receivables_payables alter column type set data type varchar(255)
Hibernate: alter table if exists transactions alter column amount set data type numeric(38,2)
Hibernate: alter table if exists transactions alter column category set data type varchar(255)
Hibernate: alter table if exists transactions alter column type set data type varchar(255)
Hibernate: alter table if exists vendors alter column amount_owed set data type numeric(38,2)
Hibernate: alter table if exists vendors alter column phone set data type varchar(255)
Hibernate: alter table if exists workspaces alter column type set data type varchar(255)
2026-06-10T22:19:56.424+05:30  INFO 9228 --- [nexora-ai-backend] [           main] j.LocalContainerEntityManagerFactoryBean : Initialized JPA EntityManagerFactory for persistence unit 'default'
2026-06-10T22:19:58.837+05:30  INFO 9228 --- [nexora-ai-backend] [           main] o.s.d.j.r.query.QueryEnhancerFactory     : Hibernate is in classpath; If applicable, HQL parser will be used.
2026-06-10T22:20:01.918+05:30  WARN 9228 --- [nexora-ai-backend] [           main] JpaBaseConfiguration$JpaWebConfiguration : spring.jpa.open-in-view is enabled by default. Therefore, database queries may be performed during view rendering. Explicitly configure spring.jpa.open-in-view to disable this warning
2026-06-10T22:20:02.070+05:30  INFO 9228 --- [nexora-ai-backend] [           main] r$InitializeUserDetailsManagerConfigurer : Global AuthenticationManager configured with UserDetailsService bean with name customUserDetailsService
2026-06-10T22:20:06.512+05:30  INFO 9228 --- [nexora-ai-backend] [           main] o.s.b.a.e.web.EndpointLinksResolver      : Exposing 3 endpoints beneath base path '/actuator'
2026-06-10T22:20:09.120+05:30  INFO 9228 --- [nexora-ai-backend] [           main] o.s.b.a.h2.H2ConsoleAutoConfiguration    : H2 console available at '/h2-console'. Database available at 'jdbc:h2:mem:nexoradb'
2026-06-10T22:20:09.447+05:30  INFO 9228 --- [nexora-ai-backend] [           main] o.s.b.t.m.w.SpringBootMockServletContext : Initializing Spring TestDispatcherServlet ''
2026-06-10T22:20:09.448+05:30  INFO 9228 --- [nexora-ai-backend] [           main] o.s.t.web.servlet.TestDispatcherServlet  : Initializing Servlet ''
2026-06-10T22:20:09.451+05:30  INFO 9228 --- [nexora-ai-backend] [           main] o.s.t.web.servlet.TestDispatcherServlet  : Completed initialization in 2 ms
2026-06-10T22:20:09.916+05:30  INFO 9228 --- [nexora-ai-backend] [           main] c.n.ai.controller.AuthControllerTest     : Started AuthControllerTest in 26.291 seconds (process running for 29.152)
Hibernate: select u1_0.id,u1_0.created_at,u1_0.email,u1_0.full_name,u1_0.password_hash,u1_0.plan_type,u1_0.role,u1_0.updated_at from users u1_0
Hibernate: select w1_0.id,w1_0.created_at,w1_0.name,w1_0.owner_id,w1_0.type,w1_0.updated_at from workspaces w1_0
Hibernate: select u1_0.id,u1_0.created_at,u1_0.email,u1_0.full_name,u1_0.password_hash,u1_0.plan_type,u1_0.role,u1_0.updated_at from users u1_0 where u1_0.email=?
Hibernate: insert into users (created_at,email,full_name,password_hash,plan_type,role,updated_at,id) values (?,?,?,?,?,?,?,default)
Hibernate: insert into workspaces (created_at,name,owner_id,type,updated_at,id) values (?,?,?,?,?,default)
Hibernate: insert into workspaces (created_at,name,owner_id,type,updated_at,id) values (?,?,?,?,?,default)
Hibernate: select u1_0.id,u1_0.created_at,u1_0.email,u1_0.full_name,u1_0.password_hash,u1_0.plan_type,u1_0.role,u1_0.updated_at from users u1_0 where u1_0.email=?
Hibernate: select w1_0.id,w1_0.created_at,w1_0.name,w1_0.owner_id,w1_0.type,w1_0.updated_at from workspaces w1_0 left join users o1_0 on o1_0.id=w1_0.owner_id where o1_0.id=?
]]></system-out>
    <system-err><![CDATA[Mockito is currently self-attaching to enable the inline-mock-maker. This will no longer work in future releases of the JDK. Please add Mockito as an agent to your build what is described in Mockito's documentation: https://javadoc.io/doc/org.mockito/mockito-core/latest/org/mockito/Mockito.html#0.3
WARNING: A Java agent has been loaded dynamically (C:\Users\HP\.m2\repository\net\bytebuddy\byte-buddy-agent\1.15.11\byte-buddy-agent-1.15.11.jar)
WARNING: If a serviceability tool is in use, please run with -XX:+EnableDynamicAgentLoading to hide this warning
WARNING: If a serviceability tool is not in use, please run with -Djdk.instrument.traceUsage for more information
WARNING: Dynamic loading of agents will be disallowed by default in a future release
]]></system-err>
  </testcase>
  <testcase name="testLoginUserSuccess" classname="com.nexora.ai.controller.AuthControllerTest" time="0.487">
    <system-out><![CDATA[Hibernate: select u1_0.id,u1_0.created_at,u1_0.email,u1_0.full_name,u1_0.password_hash,u1_0.plan_type,u1_0.role,u1_0.updated_at from users u1_0
Hibernate: select w1_0.id,w1_0.created_at,w1_0.name,w1_0.owner_id,w1_0.type,w1_0.updated_at from workspaces w1_0
Hibernate: select u1_0.id,u1_0.created_at,u1_0.email,u1_0.full_name,u1_0.password_hash,u1_0.plan_type,u1_0.role,u1_0.updated_at from users u1_0 where u1_0.email=?
Hibernate: insert into users (created_at,email,full_name,password_hash,plan_type,role,updated_at,id) values (?,?,?,?,?,?,?,default)
Hibernate: insert into workspaces (created_at,name,owner_id,type,updated_at,id) values (?,?,?,?,?,default)
Hibernate: select u1_0.id,u1_0.created_at,u1_0.email,u1_0.full_name,u1_0.password_hash,u1_0.plan_type,u1_0.role,u1_0.updated_at from users u1_0 where u1_0.email=?
]]></system-out>
  </testcase>
  <testcase name="testLoginBadCredentials" classname="com.nexora.ai.controller.AuthControllerTest" time="0.061">
    <system-out><![CDATA[Hibernate: select u1_0.id,u1_0.created_at,u1_0.email,u1_0.full_name,u1_0.password_hash,u1_0.plan_type,u1_0.role,u1_0.updated_at from users u1_0
Hibernate: select w1_0.id,w1_0.created_at,w1_0.name,w1_0.owner_id,w1_0.type,w1_0.updated_at from workspaces w1_0
Hibernate: select u1_0.id,u1_0.created_at,u1_0.email,u1_0.full_name,u1_0.password_hash,u1_0.plan_type,u1_0.role,u1_0.updated_at from users u1_0 where u1_0.email=?
]]></system-out>
  </testcase>
</testsuite>